<?xml version="1.0" encoding="UTF-8"?>
<coverage generated="1637165833088" clover="3.2.0">
  <project timestamp="1637165833088" name="All files">
    <metrics statements="64" coveredstatements="64" conditionals="64" coveredconditionals="63" methods="9" coveredmethods="9" elements="137" coveredelements="136" complexity="0" loc="64" ncloc="64" packages="2" files="5" classes="5"/>
    <package name="cyphers">
      <metrics statements="62" coveredstatements="62" conditionals="64" coveredconditionals="63" methods="7" coveredmethods="7"/>
      <file name="atbash.js" path="C:\Users\Анна\OneDrive\Рабочий стол\node-course\Ciphering-CLI-tool\cyphers\atbash.js">
        <metrics statements="10" coveredstatements="10" conditionals="8" coveredconditionals="8" methods="1" coveredmethods="1"/>
        <line num="1" count="1" type="stmt"/>
        <line num="2" count="1" type="stmt"/>
        <line num="3" count="1" type="stmt"/>
        <line num="4" count="41" type="stmt"/>
        <line num="5" count="41" type="cond" truecount="4" falsecount="0"/>
        <line num="6" count="28" type="stmt"/>
        <line num="7" count="13" type="cond" truecount="4" falsecount="0"/>
        <line num="8" count="2" type="stmt"/>
        <line num="10" count="11" type="stmt"/>
        <line num="13" count="1" type="stmt"/>
      </file>
      <file name="caesar.js" path="C:\Users\Анна\OneDrive\Рабочий стол\node-course\Ciphering-CLI-tool\cyphers\caesar.js">
        <metrics statements="21" coveredstatements="21" conditionals="24" coveredconditionals="24" methods="1" coveredmethods="1"/>
        <line num="1" count="1" type="stmt"/>
        <line num="2" count="2" type="stmt"/>
        <line num="3" count="2" type="stmt"/>
        <line num="4" count="89" type="stmt"/>
        <line num="5" count="89" type="cond" truecount="2" falsecount="0"/>
        <line num="6" count="46" type="cond" truecount="2" falsecount="0"/>
        <line num="7" count="1" type="stmt"/>
        <line num="8" count="45" type="cond" truecount="2" falsecount="0"/>
        <line num="9" count="1" type="stmt"/>
        <line num="10" count="44" type="cond" truecount="6" falsecount="0"/>
        <line num="11" count="32" type="stmt"/>
        <line num="13" count="12" type="stmt"/>
        <line num="15" count="89" type="cond" truecount="2" falsecount="0"/>
        <line num="16" count="43" type="cond" truecount="2" falsecount="0"/>
        <line num="17" count="1" type="stmt"/>
        <line num="18" count="42" type="cond" truecount="2" falsecount="0"/>
        <line num="19" count="2" type="stmt"/>
        <line num="20" count="40" type="cond" truecount="6" falsecount="0"/>
        <line num="21" count="28" type="stmt"/>
        <line num="23" count="12" type="stmt"/>
        <line num="27" count="2" type="stmt"/>
      </file>
      <file name="get-array-from-args.js" path="C:\Users\Анна\OneDrive\Рабочий стол\node-course\Ciphering-CLI-tool\cyphers\get-array-from-args.js">
        <metrics statements="12" coveredstatements="12" conditionals="4" coveredconditionals="4" methods="4" coveredmethods="4"/>
        <line num="3" count="1" type="stmt"/>
        <line num="5" count="1" type="stmt"/>
        <line num="6" count="4" type="cond" truecount="2" falsecount="0"/>
        <line num="7" count="3" type="stmt"/>
        <line num="11" count="1" type="stmt"/>
        <line num="12" count="2" type="stmt"/>
        <line num="14" count="2" type="stmt"/>
        <line num="15" count="25" type="cond" truecount="2" falsecount="0"/>
        <line num="16" count="2" type="stmt"/>
        <line num="17" count="2" type="stmt"/>
        <line num="19" count="5" type="stmt"/>
        <line num="22" count="2" type="stmt"/>
      </file>
      <file name="rot8.js" path="C:\Users\Анна\OneDrive\Рабочий стол\node-course\Ciphering-CLI-tool\cyphers\rot8.js">
        <metrics statements="19" coveredstatements="19" conditionals="28" coveredconditionals="27" methods="1" coveredmethods="1"/>
        <line num="1" count="1" type="stmt"/>
        <line num="2" count="2" type="stmt"/>
        <line num="3" count="2" type="stmt"/>
        <line num="4" count="89" type="stmt"/>
        <line num="5" count="89" type="cond" truecount="2" falsecount="0"/>
        <line num="6" count="46" type="stmt"/>
        <line num="7" count="46" type="cond" truecount="6" falsecount="0"/>
        <line num="8" count="34" type="cond" truecount="6" falsecount="0"/>
        <line num="9" count="13" type="stmt"/>
        <line num="11" count="21" type="stmt"/>
        <line num="14" count="12" type="stmt"/>
        <line num="16" count="43" type="cond" truecount="1" falsecount="1"/>
        <line num="17" count="43" type="stmt"/>
        <line num="18" count="43" type="cond" truecount="6" falsecount="0"/>
        <line num="19" count="31" type="cond" truecount="6" falsecount="0"/>
        <line num="20" count="12" type="stmt"/>
        <line num="22" count="19" type="stmt"/>
        <line num="25" count="12" type="stmt"/>
        <line num="29" count="2" type="stmt"/>
      </file>
    </package>
    <package name="utils">
      <metrics statements="2" coveredstatements="2" conditionals="0" coveredconditionals="0" methods="2" coveredmethods="2"/>
      <file name="handle-errors.js" path="C:\Users\Анна\OneDrive\Рабочий стол\node-course\Ciphering-CLI-tool\utils\handle-errors.js">
        <metrics statements="2" coveredstatements="2" conditionals="0" coveredconditionals="0" methods="2" coveredmethods="2"/>
        <line num="3" count="2" type="stmt"/>
        <line num="6" count="2" type="stmt"/>
      </file>
    </package>
  </project>
</coverage>
