{"C:\\Users\\Анна\\OneDrive\\Рабочий стол\\node-course\\Ciphering-CLI-tool\\cyphers\\atbash.js": {"path":"C:\\Users\\Анна\\OneDrive\\Рабочий стол\\node-course\\Ciphering-CLI-tool\\cyphers\\atbash.js","statementMap":{"0":{"start":{"line":1,"column":30},"end":{"line":14,"column":1}},"1":{"start":{"line":2,"column":19},"end":{"line":2,"column":21}},"2":{"start":{"line":3,"column":4},"end":{"line":12,"column":5}},"3":{"start":{"line":3,"column":17},"end":{"line":3,"column":18}},"4":{"start":{"line":4,"column":18},"end":{"line":4,"column":39}},"5":{"start":{"line":5,"column":8},"end":{"line":11,"column":9}},"6":{"start":{"line":6,"column":12},"end":{"line":6,"column":59}},"7":{"start":{"line":7,"column":15},"end":{"line":11,"column":9}},"8":{"start":{"line":8,"column":12},"end":{"line":8,"column":59}},"9":{"start":{"line":10,"column":12},"end":{"line":10,"column":37}},"10":{"start":{"line":13,"column":4},"end":{"line":13,"column":29}}},"fnMap":{"0":{"name":"(anonymous_0)","decl":{"start":{"line":1,"column":30},"end":{"line":1,"column":31}},"loc":{"start":{"line":1,"column":42},"end":{"line":14,"column":1}},"line":1}},"branchMap":{"0":{"loc":{"start":{"line":5,"column":8},"end":{"line":11,"column":9}},"type":"if","locations":[{"start":{"line":5,"column":8},"end":{"line":11,"column":9}},{"start":{"line":7,"column":15},"end":{"line":11,"column":9}}],"line":5},"1":{"loc":{"start":{"line":5,"column":12},"end":{"line":5,"column":35}},"type":"binary-expr","locations":[{"start":{"line":5,"column":12},"end":{"line":5,"column":21}},{"start":{"line":5,"column":25},"end":{"line":5,"column":35}}],"line":5},"2":{"loc":{"start":{"line":7,"column":15},"end":{"line":11,"column":9}},"type":"if","locations":[{"start":{"line":7,"column":15},"end":{"line":11,"column":9}},{"start":{"line":9,"column":15},"end":{"line":11,"column":9}}],"line":7},"3":{"loc":{"start":{"line":7,"column":19},"end":{"line":7,"column":41}},"type":"binary-expr","locations":[{"start":{"line":7,"column":19},"end":{"line":7,"column":28}},{"start":{"line":7,"column":32},"end":{"line":7,"column":41}}],"line":7}},"s":{"0":1,"1":1,"2":1,"3":1,"4":41,"5":41,"6":28,"7":13,"8":2,"9":11,"10":1},"f":{"0":1},"b":{"0":[28,13],"1":[41,28],"2":[2,11],"3":[13,3]},"_coverageSchema":"1a1c01bbd47fc00a2c39e90264f33305004495a9","hash":"6795db141bddc94347b50238f6360bcb0de8ce24"}
,"C:\\Users\\Анна\\OneDrive\\Рабочий стол\\node-course\\Ciphering-CLI-tool\\cyphers\\caesar.js": {"path":"C:\\Users\\Анна\\OneDrive\\Рабочий стол\\node-course\\Ciphering-CLI-tool\\cyphers\\caesar.js","statementMap":{"0":{"start":{"line":1,"column":30},"end":{"line":28,"column":1}},"1":{"start":{"line":2,"column":19},"end":{"line":2,"column":21}},"2":{"start":{"line":3,"column":4},"end":{"line":26,"column":5}},"3":{"start":{"line":3,"column":17},"end":{"line":3,"column":18}},"4":{"start":{"line":4,"column":18},"end":{"line":4,"column":39}},"5":{"start":{"line":5,"column":8},"end":{"line":15,"column":9}},"6":{"start":{"line":6,"column":12},"end":{"line":14,"column":13}},"7":{"start":{"line":7,"column":16},"end":{"line":7,"column":35}},"8":{"start":{"line":8,"column":19},"end":{"line":14,"column":13}},"9":{"start":{"line":9,"column":16},"end":{"line":9,"column":35}},"10":{"start":{"line":10,"column":19},"end":{"line":14,"column":13}},"11":{"start":{"line":11,"column":16},"end":{"line":11,"column":59}},"12":{"start":{"line":13,"column":16},"end":{"line":13,"column":41}},"13":{"start":{"line":15,"column":10},"end":{"line":25,"column":9}},"14":{"start":{"line":16,"column":12},"end":{"line":24,"column":13}},"15":{"start":{"line":17,"column":16},"end":{"line":17,"column":35}},"16":{"start":{"line":18,"column":19},"end":{"line":24,"column":13}},"17":{"start":{"line":19,"column":16},"end":{"line":19,"column":35}},"18":{"start":{"line":20,"column":19},"end":{"line":24,"column":13}},"19":{"start":{"line":21,"column":16},"end":{"line":21,"column":59}},"20":{"start":{"line":23,"column":16},"end":{"line":23,"column":41}},"21":{"start":{"line":27,"column":4},"end":{"line":27,"column":29}}},"fnMap":{"0":{"name":"(anonymous_0)","decl":{"start":{"line":1,"column":30},"end":{"line":1,"column":31}},"loc":{"start":{"line":1,"column":48},"end":{"line":28,"column":1}},"line":1}},"branchMap":{"0":{"loc":{"start":{"line":5,"column":8},"end":{"line":15,"column":9}},"type":"if","locations":[{"start":{"line":5,"column":8},"end":{"line":15,"column":9}},{"start":{},"end":{}}],"line":5},"1":{"loc":{"start":{"line":6,"column":12},"end":{"line":14,"column":13}},"type":"if","locations":[{"start":{"line":6,"column":12},"end":{"line":14,"column":13}},{"start":{"line":8,"column":19},"end":{"line":14,"column":13}}],"line":6},"2":{"loc":{"start":{"line":8,"column":19},"end":{"line":14,"column":13}},"type":"if","locations":[{"start":{"line":8,"column":19},"end":{"line":14,"column":13}},{"start":{"line":10,"column":19},"end":{"line":14,"column":13}}],"line":8},"3":{"loc":{"start":{"line":10,"column":19},"end":{"line":14,"column":13}},"type":"if","locations":[{"start":{"line":10,"column":19},"end":{"line":14,"column":13}},{"start":{"line":12,"column":19},"end":{"line":14,"column":13}}],"line":10},"4":{"loc":{"start":{"line":10,"column":23},"end":{"line":10,"column":74}},"type":"binary-expr","locations":[{"start":{"line":10,"column":24},"end":{"line":10,"column":33}},{"start":{"line":10,"column":37},"end":{"line":10,"column":45}},{"start":{"line":10,"column":51},"end":{"line":10,"column":60}},{"start":{"line":10,"column":64},"end":{"line":10,"column":73}}],"line":10},"5":{"loc":{"start":{"line":15,"column":10},"end":{"line":25,"column":9}},"type":"if","locations":[{"start":{"line":15,"column":10},"end":{"line":25,"column":9}},{"start":{},"end":{}}],"line":15},"6":{"loc":{"start":{"line":16,"column":12},"end":{"line":24,"column":13}},"type":"if","locations":[{"start":{"line":16,"column":12},"end":{"line":24,"column":13}},{"start":{"line":18,"column":19},"end":{"line":24,"column":13}}],"line":16},"7":{"loc":{"start":{"line":18,"column":19},"end":{"line":24,"column":13}},"type":"if","locations":[{"start":{"line":18,"column":19},"end":{"line":24,"column":13}},{"start":{"line":20,"column":19},"end":{"line":24,"column":13}}],"line":18},"8":{"loc":{"start":{"line":20,"column":19},"end":{"line":24,"column":13}},"type":"if","locations":[{"start":{"line":20,"column":19},"end":{"line":24,"column":13}},{"start":{"line":22,"column":19},"end":{"line":24,"column":13}}],"line":20},"9":{"loc":{"start":{"line":20,"column":23},"end":{"line":20,"column":76}},"type":"binary-expr","locations":[{"start":{"line":20,"column":24},"end":{"line":20,"column":33}},{"start":{"line":20,"column":37},"end":{"line":20,"column":46}},{"start":{"line":20,"column":52},"end":{"line":20,"column":61}},{"start":{"line":20,"column":65},"end":{"line":20,"column":75}}],"line":20}},"s":{"0":1,"1":2,"2":2,"3":2,"4":89,"5":89,"6":46,"7":1,"8":45,"9":1,"10":44,"11":32,"12":12,"13":89,"14":43,"15":1,"16":42,"17":2,"18":40,"19":28,"20":12,"21":2},"f":{"0":2},"b":{"0":[46,43],"1":[1,45],"2":[1,44],"3":[32,12],"4":[44,33,42,30],"5":[43,46],"6":[1,42],"7":[2,40],"8":[28,12],"9":[40,29,38,26]},"_coverageSchema":"1a1c01bbd47fc00a2c39e90264f33305004495a9","hash":"d0cf13311a67594b61989e3c32ad126ca33ae711"}
,"C:\\Users\\Анна\\OneDrive\\Рабочий стол\\node-course\\Ciphering-CLI-tool\\cyphers\\get-array-from-args.js": {"path":"C:\\Users\\Анна\\OneDrive\\Рабочий стол\\node-course\\Ciphering-CLI-tool\\cyphers\\get-array-from-args.js","statementMap":{"0":{"start":{"line":3,"column":26},"end":{"line":3,"column":55}},"1":{"start":{"line":5,"column":32},"end":{"line":9,"column":1}},"2":{"start":{"line":6,"column":4},"end":{"line":8,"column":5}},"3":{"start":{"line":7,"column":8},"end":{"line":7,"column":41}},"4":{"start":{"line":11,"column":33},"end":{"line":23,"column":1}},"5":{"start":{"line":12,"column":24},"end":{"line":12,"column":48}},"6":{"start":{"line":14,"column":4},"end":{"line":21,"column":7}},"7":{"start":{"line":15,"column":8},"end":{"line":20,"column":9}},"8":{"start":{"line":15,"column":49},"end":{"line":15,"column":67}},"9":{"start":{"line":16,"column":12},"end":{"line":16,"column":24}},"10":{"start":{"line":17,"column":12},"end":{"line":17,"column":81}},"11":{"start":{"line":19,"column":12},"end":{"line":19,"column":23}},"12":{"start":{"line":22,"column":4},"end":{"line":22,"column":15}}},"fnMap":{"0":{"name":"(anonymous_0)","decl":{"start":{"line":5,"column":32},"end":{"line":5,"column":33}},"loc":{"start":{"line":5,"column":44},"end":{"line":9,"column":1}},"line":5},"1":{"name":"(anonymous_1)","decl":{"start":{"line":11,"column":33},"end":{"line":11,"column":34}},"loc":{"start":{"line":11,"column":45},"end":{"line":23,"column":1}},"line":11},"2":{"name":"(anonymous_2)","decl":{"start":{"line":14,"column":24},"end":{"line":14,"column":25}},"loc":{"start":{"line":14,"column":32},"end":{"line":21,"column":5}},"line":14},"3":{"name":"(anonymous_3)","decl":{"start":{"line":15,"column":36},"end":{"line":15,"column":37}},"loc":{"start":{"line":15,"column":49},"end":{"line":15,"column":67}},"line":15}},"branchMap":{"0":{"loc":{"start":{"line":6,"column":4},"end":{"line":8,"column":5}},"type":"if","locations":[{"start":{"line":6,"column":4},"end":{"line":8,"column":5}},{"start":{},"end":{}}],"line":6},"1":{"loc":{"start":{"line":15,"column":8},"end":{"line":20,"column":9}},"type":"if","locations":[{"start":{"line":15,"column":8},"end":{"line":20,"column":9}},{"start":{"line":18,"column":15},"end":{"line":20,"column":9}}],"line":15}},"s":{"0":1,"1":1,"2":4,"3":3,"4":1,"5":2,"6":2,"7":7,"8":25,"9":2,"10":2,"11":5,"12":2},"f":{"0":4,"1":2,"2":7,"3":25},"b":{"0":[3,1],"1":[2,5]},"_coverageSchema":"1a1c01bbd47fc00a2c39e90264f33305004495a9","hash":"fb03c12383c43ff650c0513ca55496840eeb71f0"}
,"C:\\Users\\Анна\\OneDrive\\Рабочий стол\\node-course\\Ciphering-CLI-tool\\cyphers\\rot8.js": {"path":"C:\\Users\\Анна\\OneDrive\\Рабочий стол\\node-course\\Ciphering-CLI-tool\\cyphers\\rot8.js","statementMap":{"0":{"start":{"line":1,"column":27},"end":{"line":30,"column":1}},"1":{"start":{"line":2,"column":19},"end":{"line":2,"column":21}},"2":{"start":{"line":3,"column":4},"end":{"line":28,"column":5}},"3":{"start":{"line":3,"column":17},"end":{"line":3,"column":18}},"4":{"start":{"line":4,"column":18},"end":{"line":4,"column":39}},"5":{"start":{"line":5,"column":8},"end":{"line":27,"column":9}},"6":{"start":{"line":6,"column":25},"end":{"line":6,"column":32}},"7":{"start":{"line":7,"column":12},"end":{"line":15,"column":13}},"8":{"start":{"line":8,"column":16},"end":{"line":12,"column":17}},"9":{"start":{"line":9,"column":20},"end":{"line":9,"column":69}},"10":{"start":{"line":11,"column":20},"end":{"line":11,"column":64}},"11":{"start":{"line":14,"column":16},"end":{"line":14,"column":41}},"12":{"start":{"line":16,"column":15},"end":{"line":27,"column":9}},"13":{"start":{"line":17,"column":25},"end":{"line":17,"column":32}},"14":{"start":{"line":18,"column":12},"end":{"line":26,"column":13}},"15":{"start":{"line":19,"column":16},"end":{"line":23,"column":17}},"16":{"start":{"line":20,"column":20},"end":{"line":20,"column":66}},"17":{"start":{"line":22,"column":20},"end":{"line":22,"column":64}},"18":{"start":{"line":25,"column":12},"end":{"line":25,"column":37}},"19":{"start":{"line":29,"column":4},"end":{"line":29,"column":29}}},"fnMap":{"0":{"name":"(anonymous_0)","decl":{"start":{"line":1,"column":27},"end":{"line":1,"column":28}},"loc":{"start":{"line":1,"column":45},"end":{"line":30,"column":1}},"line":1}},"branchMap":{"0":{"loc":{"start":{"line":5,"column":8},"end":{"line":27,"column":9}},"type":"if","locations":[{"start":{"line":5,"column":8},"end":{"line":27,"column":9}},{"start":{"line":16,"column":15},"end":{"line":27,"column":9}}],"line":5},"1":{"loc":{"start":{"line":7,"column":12},"end":{"line":15,"column":13}},"type":"if","locations":[{"start":{"line":7,"column":12},"end":{"line":15,"column":13}},{"start":{"line":13,"column":19},"end":{"line":15,"column":13}}],"line":7},"2":{"loc":{"start":{"line":7,"column":16},"end":{"line":7,"column":69}},"type":"binary-expr","locations":[{"start":{"line":7,"column":17},"end":{"line":7,"column":26}},{"start":{"line":7,"column":30},"end":{"line":7,"column":39}},{"start":{"line":7,"column":45},"end":{"line":7,"column":54}},{"start":{"line":7,"column":58},"end":{"line":7,"column":68}}],"line":7},"3":{"loc":{"start":{"line":8,"column":16},"end":{"line":12,"column":17}},"type":"if","locations":[{"start":{"line":8,"column":16},"end":{"line":12,"column":17}},{"start":{"line":10,"column":23},"end":{"line":12,"column":17}}],"line":8},"4":{"loc":{"start":{"line":8,"column":20},"end":{"line":8,"column":85}},"type":"binary-expr","locations":[{"start":{"line":8,"column":21},"end":{"line":8,"column":32}},{"start":{"line":8,"column":36},"end":{"line":8,"column":48}},{"start":{"line":8,"column":55},"end":{"line":8,"column":67}},{"start":{"line":8,"column":71},"end":{"line":8,"column":84}}],"line":8},"5":{"loc":{"start":{"line":16,"column":15},"end":{"line":27,"column":9}},"type":"if","locations":[{"start":{"line":16,"column":15},"end":{"line":27,"column":9}},{"start":{},"end":{}}],"line":16},"6":{"loc":{"start":{"line":18,"column":12},"end":{"line":26,"column":13}},"type":"if","locations":[{"start":{"line":18,"column":12},"end":{"line":26,"column":13}},{"start":{"line":24,"column":19},"end":{"line":26,"column":13}}],"line":18},"7":{"loc":{"start":{"line":18,"column":16},"end":{"line":18,"column":69}},"type":"binary-expr","locations":[{"start":{"line":18,"column":17},"end":{"line":18,"column":26}},{"start":{"line":18,"column":30},"end":{"line":18,"column":39}},{"start":{"line":18,"column":45},"end":{"line":18,"column":54}},{"start":{"line":18,"column":58},"end":{"line":18,"column":68}}],"line":18},"8":{"loc":{"start":{"line":19,"column":16},"end":{"line":23,"column":17}},"type":"if","locations":[{"start":{"line":19,"column":16},"end":{"line":23,"column":17}},{"start":{"line":21,"column":23},"end":{"line":23,"column":17}}],"line":19},"9":{"loc":{"start":{"line":19,"column":20},"end":{"line":19,"column":82}},"type":"binary-expr","locations":[{"start":{"line":19,"column":21},"end":{"line":19,"column":33}},{"start":{"line":19,"column":37},"end":{"line":19,"column":48}},{"start":{"line":19,"column":54},"end":{"line":19,"column":66}},{"start":{"line":19,"column":70},"end":{"line":19,"column":81}}],"line":19}},"s":{"0":1,"1":2,"2":2,"3":2,"4":89,"5":89,"6":46,"7":46,"8":34,"9":13,"10":21,"11":12,"12":43,"13":43,"14":43,"15":31,"16":12,"17":19,"18":12,"19":2},"f":{"0":2},"b":{"0":[46,43],"1":[34,12],"2":[46,35,43,31],"3":[13,21],"4":[34,33,32,11],"5":[43,0],"6":[31,12],"7":[43,32,40,28],"8":[12,19],"9":[31,31,30,28]},"_coverageSchema":"1a1c01bbd47fc00a2c39e90264f33305004495a9","hash":"91cba9813a504c16a6d34f2fbf2574e87b5cd09b"}
,"C:\\Users\\Анна\\OneDrive\\Рабочий стол\\node-course\\Ciphering-CLI-tool\\utils\\handle-errors.js": {"path":"C:\\Users\\Анна\\OneDrive\\Рабочий стол\\node-course\\Ciphering-CLI-tool\\utils\\handle-errors.js","statementMap":{"0":{"start":{"line":3,"column":6},"end":{"line":3,"column":21}},"1":{"start":{"line":6,"column":6},"end":{"line":6,"column":41}}},"fnMap":{"0":{"name":"(anonymous_0)","decl":{"start":{"line":2,"column":4},"end":{"line":2,"column":5}},"loc":{"start":{"line":2,"column":25},"end":{"line":4,"column":5}},"line":2},"1":{"name":"(anonymous_1)","decl":{"start":{"line":5,"column":4},"end":{"line":5,"column":5}},"loc":{"start":{"line":5,"column":12},"end":{"line":8,"column":5}},"line":5}},"branchMap":{},"s":{"0":2,"1":2},"f":{"0":2,"1":2},"b":{},"_coverageSchema":"1a1c01bbd47fc00a2c39e90264f33305004495a9","hash":"99e95a1334d4b7522804d5c069ac81511e54d09e"}
}
