TN:
SF:cyphers\atbash.js
FN:1,(anonymous_0)
FNF:1
FNH:1
FNDA:1,(anonymous_0)
DA:1,1
DA:2,1
DA:3,1
DA:4,41
DA:5,41
DA:6,28
DA:7,13
DA:8,2
DA:10,11
DA:13,1
LF:10
LH:10
BRDA:5,0,0,28
BRDA:5,0,1,13
BRDA:5,1,0,41
BRDA:5,1,1,28
BRDA:7,2,0,2
BRDA:7,2,1,11
BRDA:7,3,0,13
BRDA:7,3,1,3
BRF:8
BRH:8
end_of_record
TN:
SF:cyphers\caesar.js
FN:1,(anonymous_0)
FNF:1
FNH:1
FNDA:2,(anonymous_0)
DA:1,1
DA:2,2
DA:3,2
DA:4,89
DA:5,89
DA:6,46
DA:7,1
DA:8,45
DA:9,1
DA:10,44
DA:11,32
DA:13,12
DA:15,89
DA:16,43
DA:17,1
DA:18,42
DA:19,2
DA:20,40
DA:21,28
DA:23,12
DA:27,2
LF:21
LH:21
BRDA:5,0,0,46
BRDA:5,0,1,43
BRDA:6,1,0,1
BRDA:6,1,1,45
BRDA:8,2,0,1
BRDA:8,2,1,44
BRDA:10,3,0,32
BRDA:10,3,1,12
BRDA:10,4,0,44
BRDA:10,4,1,33
BRDA:10,4,2,42
BRDA:10,4,3,30
BRDA:15,5,0,43
BRDA:15,5,1,46
BRDA:16,6,0,1
BRDA:16,6,1,42
BRDA:18,7,0,2
BRDA:18,7,1,40
BRDA:20,8,0,28
BRDA:20,8,1,12
BRDA:20,9,0,40
BRDA:20,9,1,29
BRDA:20,9,2,38
BRDA:20,9,3,26
BRF:24
BRH:24
end_of_record
TN:
SF:cyphers\get-array-from-args.js
FN:5,(anonymous_0)
FN:11,(anonymous_1)
FN:14,(anonymous_2)
FN:15,(anonymous_3)
FNF:4
FNH:4
FNDA:4,(anonymous_0)
FNDA:2,(anonymous_1)
FNDA:7,(anonymous_2)
FNDA:25,(anonymous_3)
DA:3,1
DA:5,1
DA:6,4
DA:7,3
DA:11,1
DA:12,2
DA:14,2
DA:15,25
DA:16,2
DA:17,2
DA:19,5
DA:22,2
LF:12
LH:12
BRDA:6,0,0,3
BRDA:6,0,1,1
BRDA:15,1,0,2
BRDA:15,1,1,5
BRF:4
BRH:4
end_of_record
TN:
SF:cyphers\rot8.js
FN:1,(anonymous_0)
FNF:1
FNH:1
FNDA:2,(anonymous_0)
DA:1,1
DA:2,2
DA:3,2
DA:4,89
DA:5,89
DA:6,46
DA:7,46
DA:8,34
DA:9,13
DA:11,21
DA:14,12
DA:16,43
DA:17,43
DA:18,43
DA:19,31
DA:20,12
DA:22,19
DA:25,12
DA:29,2
LF:19
LH:19
BRDA:5,0,0,46
BRDA:5,0,1,43
BRDA:7,1,0,34
BRDA:7,1,1,12
BRDA:7,2,0,46
BRDA:7,2,1,35
BRDA:7,2,2,43
BRDA:7,2,3,31
BRDA:8,3,0,13
BRDA:8,3,1,21
BRDA:8,4,0,34
BRDA:8,4,1,33
BRDA:8,4,2,32
BRDA:8,4,3,11
BRDA:16,5,0,43
BRDA:16,5,1,0
BRDA:18,6,0,31
BRDA:18,6,1,12
BRDA:18,7,0,43
BRDA:18,7,1,32
BRDA:18,7,2,40
BRDA:18,7,3,28
BRDA:19,8,0,12
BRDA:19,8,1,19
BRDA:19,9,0,31
BRDA:19,9,1,31
BRDA:19,9,2,30
BRDA:19,9,3,28
BRF:28
BRH:27
end_of_record
TN:
SF:utils\handle-errors.js
FN:2,(anonymous_0)
FN:5,(anonymous_1)
FNF:2
FNH:2
FNDA:2,(anonymous_0)
FNDA:2,(anonymous_1)
DA:3,2
DA:6,2
LF:2
LH:2
BRF:0
BRH:0
end_of_record
